build/app/intermediates/manifest_merge_blame_file/release/manifest-merger-blame-release-report.txt
1<?xml version="1.0" encoding="utf-8"?>
2<manifest xmlns:android="http://schemas.android.com/apk/res/android"
3    package="com.example.downgrade_filtro"
4    android:versionCode="1"
5    android:versionName="1.0.0" >
6
7    <uses-sdk
8        android:minSdkVersion="24"
8-->src\main\AndroidManifest.xml
9        android:targetSdkVersion="31" />
9-->src\main\AndroidManifest.xml
10
11    <uses-permission android:name="android.permission.CAMERA" />
11-->src\main\AndroidManifest.xml:5:4-63
11-->src\main\AndroidManifest.xml:5:21-61
12
13    <uses-feature
13-->src\main\AndroidManifest.xml:6:4-85
14        android:name="android.hardware.camera.ar"
14-->src\main\AndroidManifest.xml:6:18-59
15        android:required="true" />
15-->src\main\AndroidManifest.xml:6:60-83
16    <!-- Sceneform requires OpenGL ES 3.0 or later. -->
17    <uses-feature
17-->[:arcore_flutter_plugin] AndroidManifest.xml:16:5-18:35
18        android:glEsVersion="0x00030000"
18-->[:arcore_flutter_plugin] AndroidManifest.xml:17:9-41
19        android:required="true" />
19-->[:arcore_flutter_plugin] AndroidManifest.xml:18:9-32
20
21    <queries>
21-->[com.google.ar:core:1.33.0] AndroidManifest.xml:29:5-31:15
22        <package android:name="com.google.ar.core" />
22-->[com.google.ar:core:1.33.0] AndroidManifest.xml:30:9-54
22-->[com.google.ar:core:1.33.0] AndroidManifest.xml:30:18-51
23    </queries>
24
25    <application
26        android:name="android.app.Application"
26-->src\main\AndroidManifest.xml:10:9-42
27        android:appComponentFactory="androidx.core.app.CoreComponentFactory"
27-->[androidx.core:core:1.6.0] AndroidManifest.xml:24:18-86
28        android:extractNativeLibs="false"
29        android:icon="@mipmap/ic_launcher"
29-->src\main\AndroidManifest.xml:11:9-43
30        android:label="downgrade_filtro" >
30-->src\main\AndroidManifest.xml:9:9-41
31        <meta-data
31-->src\main\AndroidManifest.xml:13:9-16:44
32            android:name="com.google.ar.core"
32-->src\main\AndroidManifest.xml:14:13-46
33            android:value="required" />
33-->src\main\AndroidManifest.xml:15:13-37
34
35        <activity
35-->src\main\AndroidManifest.xml:18:9-38:20
36            android:name="com.example.downgrade_filtro.MainActivity"
36-->src\main\AndroidManifest.xml:19:13-41
37            android:configChanges="orientation|keyboardHidden|keyboard|screenSize|smallestScreenSize|locale|layoutDirection|fontScale|screenLayout|density|uiMode"
37-->src\main\AndroidManifest.xml:23:13-163
38            android:exported="true"
38-->src\main\AndroidManifest.xml:20:13-36
39            android:hardwareAccelerated="true"
39-->src\main\AndroidManifest.xml:24:13-47
40            android:launchMode="singleTop"
40-->src\main\AndroidManifest.xml:21:13-43
41            android:theme="@style/LaunchTheme"
41-->src\main\AndroidManifest.xml:22:13-47
42            android:windowSoftInputMode="adjustResize" >
42-->src\main\AndroidManifest.xml:25:13-55
43
44            <!--
45                 Specifies an Android theme to apply to this Activity as soon as
46                 the Android process has started. This theme is visible to the user
47                 while the Flutter UI initializes. After that, this theme continues
48                 to determine the Window background behind the Flutter UI.
49            -->
50            <meta-data
50-->src\main\AndroidManifest.xml:30:13-33:17
51                android:name="io.flutter.embedding.android.NormalTheme"
51-->src\main\AndroidManifest.xml:31:15-70
52                android:resource="@style/NormalTheme" />
52-->src\main\AndroidManifest.xml:32:15-52
53
54            <intent-filter>
54-->src\main\AndroidManifest.xml:34:13-37:29
55                <action android:name="android.intent.action.MAIN" />
55-->src\main\AndroidManifest.xml:35:17-68
55-->src\main\AndroidManifest.xml:35:25-66
56
57                <category android:name="android.intent.category.LAUNCHER" />
57-->src\main\AndroidManifest.xml:36:17-76
57-->src\main\AndroidManifest.xml:36:27-74
58            </intent-filter>
59        </activity>
60        <!--
61             Don't delete the meta-data below.
62             This is used by the Flutter tool to generate GeneratedPluginRegistrant.java
63        -->
64        <meta-data
64-->src\main\AndroidManifest.xml:41:9-43:33
65            android:name="flutterEmbedding"
65-->src\main\AndroidManifest.xml:42:13-44
66            android:value="2" />
66-->src\main\AndroidManifest.xml:43:13-30
67
68        <uses-library
68-->[androidx.window:window:1.0.0-beta04] AndroidManifest.xml:25:9-27:40
69            android:name="androidx.window.extensions"
69-->[androidx.window:window:1.0.0-beta04] AndroidManifest.xml:26:13-54
70            android:required="false" />
70-->[androidx.window:window:1.0.0-beta04] AndroidManifest.xml:27:13-37
71        <uses-library
71-->[androidx.window:window:1.0.0-beta04] AndroidManifest.xml:28:9-30:40
72            android:name="androidx.window.sidecar"
72-->[androidx.window:window:1.0.0-beta04] AndroidManifest.xml:29:13-51
73            android:required="false" /> <!-- The minimal version code of ARCore APK required for an app using this SDK. -->
73-->[androidx.window:window:1.0.0-beta04] AndroidManifest.xml:30:13-37
74        <meta-data
74-->[com.google.ar:core:1.33.0] AndroidManifest.xml:36:9-38:41
75            android:name="com.google.ar.core.min_apk_version"
75-->[com.google.ar:core:1.33.0] AndroidManifest.xml:37:13-62
76            android:value="221930000" /> <!-- This activity is critical for installing ARCore when it is not already present. -->
76-->[com.google.ar:core:1.33.0] AndroidManifest.xml:38:13-38
77        <activity
77-->[com.google.ar:core:1.33.0] AndroidManifest.xml:40:9-46:80
78            android:name="com.google.ar.core.InstallActivity"
78-->[com.google.ar:core:1.33.0] AndroidManifest.xml:41:13-62
79            android:configChanges="keyboardHidden|orientation|screenSize"
79-->[com.google.ar:core:1.33.0] AndroidManifest.xml:42:13-74
80            android:excludeFromRecents="true"
80-->[com.google.ar:core:1.33.0] AndroidManifest.xml:43:13-46
81            android:exported="false"
81-->[com.google.ar:core:1.33.0] AndroidManifest.xml:44:13-37
82            android:launchMode="singleTop"
82-->[com.google.ar:core:1.33.0] AndroidManifest.xml:45:13-43
83            android:theme="@android:style/Theme.Material.Light.Dialog.Alert" />
83-->[com.google.ar:core:1.33.0] AndroidManifest.xml:46:13-77
84    </application>
85
86</manifest>